This is pdfTeX, Version 3.14159265-2.6-1.40.18 (TeX Live 2017/Debian) (preloaded format=pdflatex 2018.3.21)  10 MAY 2018 16:12
entering extended mode
 \write18 enabled.
 %&-line parsing enabled.
**final.tex
(./final.tex
LaTeX2e <2017-04-15>
Babel <3.12> and hyphenation patterns for 3 language(s) loaded.
(/usr/share/texlive/texmf-dist/tex/latex/base/article.cls
Document Class: article 2014/09/29 v1.4h Standard LaTeX document class
(/usr/share/texlive/texmf-dist/tex/latex/base/size10.clo
File: size10.clo 2014/09/29 v1.4h Standard LaTeX file (size option)
)
\c@part=\count79
\c@section=\count80
\c@subsection=\count81
\c@subsubsection=\count82
\c@paragraph=\count83
\c@subparagraph=\count84
\c@figure=\count85
\c@table=\count86
\abovecaptionskip=\skip41
\belowcaptionskip=\skip42
\bibindent=\dimen102
)
(/usr/share/texlive/texmf-dist/tex/latex/amsmath/amsmath.sty
Package: amsmath 2016/11/05 v2.16a AMS math features
\@mathmargin=\skip43

For additional information on amsmath, use the `?' option.
(/usr/share/texlive/texmf-dist/tex/latex/amsmath/amstext.sty
Package: amstext 2000/06/29 v2.01 AMS text

(/usr/share/texlive/texmf-dist/tex/latex/amsmath/amsgen.sty
File: amsgen.sty 1999/11/30 v2.0 generic functions
\@emptytoks=\toks14
\ex@=\dimen103
))
(/usr/share/texlive/texmf-dist/tex/latex/amsmath/amsbsy.sty
Package: amsbsy 1999/11/29 v1.2d Bold Symbols
\pmbraise@=\dimen104
)
(/usr/share/texlive/texmf-dist/tex/latex/amsmath/amsopn.sty
Package: amsopn 2016/03/08 v2.02 operator names
)
\inf@bad=\count87
LaTeX Info: Redefining \frac on input line 213.
\uproot@=\count88
\leftroot@=\count89
LaTeX Info: Redefining \overline on input line 375.
\classnum@=\count90
\DOTSCASE@=\count91
LaTeX Info: Redefining \ldots on input line 472.
LaTeX Info: Redefining \dots on input line 475.
LaTeX Info: Redefining \cdots on input line 596.
\Mathstrutbox@=\box26
\strutbox@=\box27
\big@size=\dimen105
LaTeX Font Info:    Redeclaring font encoding OML on input line 712.
LaTeX Font Info:    Redeclaring font encoding OMS on input line 713.
\macc@depth=\count92
\c@MaxMatrixCols=\count93
\dotsspace@=\muskip10
\c@parentequation=\count94
\dspbrk@lvl=\count95
\tag@help=\toks15
\row@=\count96
\column@=\count97
\maxfields@=\count98
\andhelp@=\toks16
\eqnshift@=\dimen106
\alignsep@=\dimen107
\tagshift@=\dimen108
\tagwidth@=\dimen109
\totwidth@=\dimen110
\lineht@=\dimen111
\@envbody=\toks17
\multlinegap=\skip44
\multlinetaggap=\skip45
\mathdisplay@stack=\toks18
LaTeX Info: Redefining \[ on input line 2817.
LaTeX Info: Redefining \] on input line 2818.
)
(/usr/share/texlive/texmf-dist/tex/latex/graphics/graphicx.sty
Package: graphicx 2017/06/01 v1.1a Enhanced LaTeX Graphics (DPC,SPQR)

(/usr/share/texlive/texmf-dist/tex/latex/graphics/keyval.sty
Package: keyval 2014/10/28 v1.15 key=value parser (DPC)
\KV@toks@=\toks19
)
(/usr/share/texlive/texmf-dist/tex/latex/graphics/graphics.sty
Package: graphics 2017/06/25 v1.2c Standard LaTeX Graphics (DPC,SPQR)

(/usr/share/texlive/texmf-dist/tex/latex/graphics/trig.sty
Package: trig 2016/01/03 v1.10 sin cos tan (DPC)
)
(/usr/share/texlive/texmf-dist/tex/latex/graphics-cfg/graphics.cfg
File: graphics.cfg 2016/06/04 v1.11 sample graphics configuration
)
Package graphics Info: Driver file: pdftex.def on input line 99.

(/usr/share/texlive/texmf-dist/tex/latex/graphics-def/pdftex.def
File: pdftex.def 2017/06/24 v1.0g Graphics/color driver for pdftex
))
\Gin@req@height=\dimen112
\Gin@req@width=\dimen113
)
(/usr/share/texlive/texmf-dist/tex/latex/listings/listings.sty
\lst@mode=\count99
\lst@gtempboxa=\box28
\lst@token=\toks20
\lst@length=\count100
\lst@currlwidth=\dimen114
\lst@column=\count101
\lst@pos=\count102
\lst@lostspace=\dimen115
\lst@width=\dimen116
\lst@newlines=\count103
\lst@lineno=\count104
\lst@maxwidth=\dimen117

(/usr/share/texlive/texmf-dist/tex/latex/listings/lstmisc.sty
File: lstmisc.sty 2015/06/04 1.6 (Carsten Heinz)
\c@lstnumber=\count105
\lst@skipnumbers=\count106
\lst@framebox=\box29
)
(/usr/share/texlive/texmf-dist/tex/latex/listings/listings.cfg
File: listings.cfg 2015/06/04 1.6 listings configuration
))
Package: listings 2015/06/04 1.6 (Carsten Heinz)

(/usr/share/texlive/texmf-dist/tex/latex/minted/minted.sty
Package: minted 2017/07/19 v2.5 Yet another Pygments shim for LaTeX

(/usr/share/texlive/texmf-dist/tex/latex/oberdiek/kvoptions.sty
Package: kvoptions 2016/05/16 v3.12 Key value format for package options (HO)

(/usr/share/texlive/texmf-dist/tex/generic/oberdiek/ltxcmds.sty
Package: ltxcmds 2016/05/16 v1.23 LaTeX kernel commands for general use (HO)
)
(/usr/share/texlive/texmf-dist/tex/generic/oberdiek/kvsetkeys.sty
Package: kvsetkeys 2016/05/16 v1.17 Key value parser (HO)

(/usr/share/texlive/texmf-dist/tex/generic/oberdiek/infwarerr.sty
Package: infwarerr 2016/05/16 v1.4 Providing info/warning/error messages (HO)
)
(/usr/share/texlive/texmf-dist/tex/generic/oberdiek/etexcmds.sty
Package: etexcmds 2016/05/16 v1.6 Avoid name clashes with e-TeX commands (HO)

(/usr/share/texlive/texmf-dist/tex/generic/oberdiek/ifluatex.sty
Package: ifluatex 2016/05/16 v1.4 Provides the ifluatex switch (HO)
Package ifluatex Info: LuaTeX not detected.
)
Package etexcmds Info: Could not find \expanded.
(etexcmds)             That can mean that you are not using pdfTeX 1.50 or
(etexcmds)             that some package has redefined \expanded.
(etexcmds)             In the latter case, load this package earlier.
)))
(/usr/share/texlive/texmf-dist/tex/latex/fvextra/fvextra.sty
Package: fvextra 2017/07/08 v1.3.1 fvextra - extensions and patches for fancyvr
b

(/usr/share/texlive/texmf-dist/tex/latex/base/ifthen.sty
Package: ifthen 2014/09/29 v1.1c Standard LaTeX ifthen package (DPC)
)
(/usr/share/texlive/texmf-dist/tex/latex/etoolbox/etoolbox.sty
Package: etoolbox 2017/01/02 v2.4 e-TeX tools for LaTeX (JAW)
\etb@tempcnta=\count107
)
(/usr/share/texlive/texmf-dist/tex/latex/fancyvrb/fancyvrb.sty
Package: fancyvrb 2008/02/07

Style option: `fancyvrb' v2.7a, with DG/SPQR fixes, and firstline=lastline fix 
<2008/02/07> (tvz)
\FV@CodeLineNo=\count108
\FV@InFile=\read1
\FV@TabBox=\box30
\c@FancyVerbLine=\count109
\FV@StepNumber=\count110
\FV@OutFile=\write3
)
(/usr/share/texlive/texmf-dist/tex/latex/upquote/upquote.sty
Package: upquote 2012/04/19 v1.3 upright-quote and grave-accent glyphs in verba
tim
)
(/usr/share/texlive/texmf-dist/tex/latex/lineno/lineno.sty
Package: lineno 2005/11/02 line numbers on paragraphs v4.41
\linenopenalty=\count111
\output=\toks21
\linenoprevgraf=\count112
\linenumbersep=\dimen118
\linenumberwidth=\dimen119
\c@linenumber=\count113
\c@pagewiselinenumber=\count114
\c@LN@truepage=\count115
\c@internallinenumber=\count116
\c@internallinenumbers=\count117
\quotelinenumbersep=\dimen120
\bframerule=\dimen121
\bframesep=\dimen122
\bframebox=\box31
LaTeX Info: Redefining \\ on input line 3056.
)
\c@FV@TrueTabGroupLevel=\count118
\c@FV@TrueTabCounter=\count119
\FV@TabBox@Group=\box32
\FV@TmpLength=\skip46
\c@FV@HighlightLinesStart=\count120
\c@FV@HighlightLinesStop=\count121
\FV@LoopCount=\count122
\FV@NCharsBox=\box33
\FV@BreakIndent=\dimen123
\FV@BreakIndentNChars=\count123
\FV@BreakSymbolSepLeft=\dimen124
\FV@BreakSymbolSepLeftNChars=\count124
\FV@BreakSymbolSepRight=\dimen125
\FV@BreakSymbolSepRightNChars=\count125
\FV@BreakSymbolIndentLeft=\dimen126
\FV@BreakSymbolIndentLeftNChars=\count126
\FV@BreakSymbolIndentRight=\dimen127
\FV@BreakSymbolIndentRightNChars=\count127
\c@FancyVerbLineBreakLast=\count128
\FV@LineBox=\box34
\FV@LineIndentBox=\box35
)
(/usr/share/texlive/texmf-dist/tex/latex/tools/calc.sty
Package: calc 2014/10/28 v4.3 Infix arithmetic (KKT,FJ)
\calc@Acount=\count129
\calc@Bcount=\count130
\calc@Adimen=\dimen128
\calc@Bdimen=\dimen129
\calc@Askip=\skip47
\calc@Bskip=\skip48
LaTeX Info: Redefining \setlength on input line 80.
LaTeX Info: Redefining \addtolength on input line 81.
\calc@Ccount=\count131
\calc@Cskip=\skip49
)
(/usr/share/texlive/texmf-dist/tex/latex/tools/shellesc.sty
Package: shellesc 2016/06/07 v0.02a unified shell escape interface for LaTeX
Package shellesc Info: Unrestricted shell escape enabled on input line 67.
)
(/usr/share/texlive/texmf-dist/tex/latex/ifplatform/ifplatform.sty
Package: ifplatform 2010/10/22 v0.4 Testing for the operating system

(/usr/share/texlive/texmf-dist/tex/generic/oberdiek/pdftexcmds.sty
Package: pdftexcmds 2017/03/19 v0.25 Utility functions of pdfTeX for LuaTeX (HO
)

(/usr/share/texlive/texmf-dist/tex/generic/oberdiek/ifpdf.sty
Package: ifpdf 2017/03/15 v3.2 Provides the ifpdf switch
)
Package pdftexcmds Info: LuaTeX not detected.
Package pdftexcmds Info: \pdf@primitive is available.
Package pdftexcmds Info: \pdf@ifprimitive is available.
Package pdftexcmds Info: \pdfdraftmode found.
)
(/usr/share/texlive/texmf-dist/tex/generic/oberdiek/catchfile.sty
Package: catchfile 2016/05/16 v1.7 Catch the contents of a file (HO)
)
runsystem(uname -s > "final.w18")...executed.

 (./final.w18)
runsystem(rm -- "final.w18")...executed.

) (/usr/share/texlive/texmf-dist/tex/generic/xstring/xstring.sty
(/usr/share/texlive/texmf-dist/tex/generic/xstring/xstring.tex
\@xs@message=\write4
\integerpart=\count132
\decimalpart=\count133
)
Package: xstring 2013/10/13  v1.7c  String manipulations (C Tellechea)
)
(/usr/share/texlive/texmf-dist/tex/latex/framed/framed.sty
Package: framed 2011/10/22 v 0.96: framed or shaded text with page breaks
\OuterFrameSep=\skip50
\fb@frw=\dimen130
\fb@frh=\dimen131
\FrameRule=\dimen132
\FrameSep=\dimen133
)
(/usr/share/texlive/texmf-dist/tex/latex/float/float.sty
Package: float 2001/11/08 v1.3d Float enhancements (AL)
\c@float@type=\count134
\float@exts=\toks22
\float@box=\box36
\@float@everytoks=\toks23
\@floatcapt=\box37
)
\minted@appexistsfile=\read2
\minted@bgbox=\box38
\minted@code=\write5
\c@minted@FancyVerbLineTemp=\count135
\c@minted@pygmentizecounter=\count136
\@float@every@listing=\toks24
\c@listing=\count137
)
runsystem(mkdir -p _minted-final)...executed.


(/usr/share/texlive/texmf-dist/tex/latex/xcolor/xcolor.sty
Package: xcolor 2016/05/11 v2.12 LaTeX color extensions (UK)

(/usr/share/texlive/texmf-dist/tex/latex/graphics-cfg/color.cfg
File: color.cfg 2016/01/02 v1.6 sample color configuration
)
Package xcolor Info: Driver file: pdftex.def on input line 225.
Package xcolor Info: Model `cmy' substituted by `cmy0' on input line 1348.
Package xcolor Info: Model `hsb' substituted by `rgb' on input line 1352.
Package xcolor Info: Model `RGB' extended on input line 1364.
Package xcolor Info: Model `HTML' substituted by `rgb' on input line 1366.
Package xcolor Info: Model `Hsb' substituted by `hsb' on input line 1367.
Package xcolor Info: Model `tHsb' substituted by `hsb' on input line 1368.
Package xcolor Info: Model `HSB' substituted by `hsb' on input line 1369.
Package xcolor Info: Model `Gray' substituted by `gray' on input line 1370.
Package xcolor Info: Model `wave' substituted by `hsb' on input line 1371.
)
runsystem(which pygmentize && touch final.aex)...executed.

runsystem(rm final.aex)...executed.

 (./final.aux

LaTeX Warning: Label `fig' multiply defined.


LaTeX Warning: Label `fig' multiply defined.


LaTeX Warning: Label `fig' multiply defined.


LaTeX Warning: Label `fig' multiply defined.


LaTeX Warning: Label `fig' multiply defined.


LaTeX Warning: Label `fig' multiply defined.


LaTeX Warning: Label `fig' multiply defined.


LaTeX Warning: Label `fig' multiply defined.


LaTeX Warning: Label `fig' multiply defined.


LaTeX Warning: Label `fig' multiply defined.


LaTeX Warning: Label `fig' multiply defined.


LaTeX Warning: Label `fig' multiply defined.


LaTeX Warning: Label `fig' multiply defined.


LaTeX Warning: Label `fig' multiply defined.

)
\openout1 = `final.aux'.

LaTeX Font Info:    Checking defaults for OML/cmm/m/it on input line 8.
LaTeX Font Info:    ... okay on input line 8.
LaTeX Font Info:    Checking defaults for T1/cmr/m/n on input line 8.
LaTeX Font Info:    ... okay on input line 8.
LaTeX Font Info:    Checking defaults for OT1/cmr/m/n on input line 8.
LaTeX Font Info:    ... okay on input line 8.
LaTeX Font Info:    Checking defaults for OMS/cmsy/m/n on input line 8.
LaTeX Font Info:    ... okay on input line 8.
LaTeX Font Info:    Checking defaults for OMX/cmex/m/n on input line 8.
LaTeX Font Info:    ... okay on input line 8.
LaTeX Font Info:    Checking defaults for U/cmr/m/n on input line 8.
LaTeX Font Info:    ... okay on input line 8.
 (/usr/share/texlive/texmf-dist/tex/context/base/mkii/supp-pdf.mkii
[Loading MPS to PDF converter (version 2006.09.02).]
\scratchcounter=\count138
\scratchdimen=\dimen134
\scratchbox=\box39
\nofMPsegments=\count139
\nofMParguments=\count140
\everyMPshowfont=\toks25
\MPscratchCnt=\count141
\MPscratchDim=\dimen135
\MPnumerator=\count142
\makeMPintoPDFobject=\count143
\everyMPtoPDFconversion=\toks26
) (/usr/share/texlive/texmf-dist/tex/latex/oberdiek/epstopdf-base.sty
Package: epstopdf-base 2016/05/15 v2.6 Base part for package epstopdf

(/usr/share/texlive/texmf-dist/tex/latex/oberdiek/grfext.sty
Package: grfext 2016/05/16 v1.2 Manage graphics extensions (HO)

(/usr/share/texlive/texmf-dist/tex/generic/oberdiek/kvdefinekeys.sty
Package: kvdefinekeys 2016/05/16 v1.4 Define keys (HO)
))
Package epstopdf-base Info: Redefining graphics rule for `.eps' on input line 4
38.
Package grfext Info: Graphics extension search list:
(grfext)             [.pdf,.png,.jpg,.mps,.jpeg,.jbig2,.jb2,.PDF,.PNG,.JPG,.JPE
G,.JBIG2,.JB2,.eps]
(grfext)             \AppendGraphicsExtensions on input line 456.

(/usr/share/texlive/texmf-dist/tex/latex/latexconfig/epstopdf-sys.cfg
File: epstopdf-sys.cfg 2010/07/13 v1.3 Configuration of (r)epstopdf for TeX Liv
e
))
(/usr/share/texlive/texmf-dist/tex/latex/base/textcomp.sty
Package: textcomp 2017/04/05 v2.0i Standard LaTeX package
Package textcomp Info: Sub-encoding information:
(textcomp)               5 = only ISO-Adobe without \textcurrency
(textcomp)               4 = 5 + \texteuro
(textcomp)               3 = 4 + \textohm
(textcomp)               2 = 3 + \textestimated + \textcurrency
(textcomp)               1 = TS1 - \textcircled - \t
(textcomp)               0 = TS1 (full)
(textcomp)             Font families with sub-encoding setting implement
(textcomp)             only a restricted character set as indicated.
(textcomp)             Family '?' is the default used for unknown fonts.
(textcomp)             See the documentation for details.
Package textcomp Info: Setting ? sub-encoding to TS1/1 on input line 79.

(/usr/share/texlive/texmf-dist/tex/latex/base/ts1enc.def
File: ts1enc.def 2001/06/05 v3.0e (jk/car/fm) Standard LaTeX file
)
LaTeX Info: Redefining \oldstylenums on input line 334.
Package textcomp Info: Setting cmr sub-encoding to TS1/0 on input line 349.
Package textcomp Info: Setting cmss sub-encoding to TS1/0 on input line 350.
Package textcomp Info: Setting cmtt sub-encoding to TS1/0 on input line 351.
Package textcomp Info: Setting cmvtt sub-encoding to TS1/0 on input line 352.
Package textcomp Info: Setting cmbr sub-encoding to TS1/0 on input line 353.
Package textcomp Info: Setting cmtl sub-encoding to TS1/0 on input line 354.
Package textcomp Info: Setting ccr sub-encoding to TS1/0 on input line 355.
Package textcomp Info: Setting ptm sub-encoding to TS1/4 on input line 356.
Package textcomp Info: Setting pcr sub-encoding to TS1/4 on input line 357.
Package textcomp Info: Setting phv sub-encoding to TS1/4 on input line 358.
Package textcomp Info: Setting ppl sub-encoding to TS1/3 on input line 359.
Package textcomp Info: Setting pag sub-encoding to TS1/4 on input line 360.
Package textcomp Info: Setting pbk sub-encoding to TS1/4 on input line 361.
Package textcomp Info: Setting pnc sub-encoding to TS1/4 on input line 362.
Package textcomp Info: Setting pzc sub-encoding to TS1/4 on input line 363.
Package textcomp Info: Setting bch sub-encoding to TS1/4 on input line 364.
Package textcomp Info: Setting put sub-encoding to TS1/5 on input line 365.
Package textcomp Info: Setting uag sub-encoding to TS1/5 on input line 366.
Package textcomp Info: Setting ugq sub-encoding to TS1/5 on input line 367.
Package textcomp Info: Setting ul8 sub-encoding to TS1/4 on input line 368.
Package textcomp Info: Setting ul9 sub-encoding to TS1/4 on input line 369.
Package textcomp Info: Setting augie sub-encoding to TS1/5 on input line 370.
Package textcomp Info: Setting dayrom sub-encoding to TS1/3 on input line 371.
Package textcomp Info: Setting dayroms sub-encoding to TS1/3 on input line 372.

Package textcomp Info: Setting pxr sub-encoding to TS1/0 on input line 373.
Package textcomp Info: Setting pxss sub-encoding to TS1/0 on input line 374.
Package textcomp Info: Setting pxtt sub-encoding to TS1/0 on input line 375.
Package textcomp Info: Setting txr sub-encoding to TS1/0 on input line 376.
Package textcomp Info: Setting txss sub-encoding to TS1/0 on input line 377.
Package textcomp Info: Setting txtt sub-encoding to TS1/0 on input line 378.
Package textcomp Info: Setting lmr sub-encoding to TS1/0 on input line 379.
Package textcomp Info: Setting lmdh sub-encoding to TS1/0 on input line 380.
Package textcomp Info: Setting lmss sub-encoding to TS1/0 on input line 381.
Package textcomp Info: Setting lmssq sub-encoding to TS1/0 on input line 382.
Package textcomp Info: Setting lmvtt sub-encoding to TS1/0 on input line 383.
Package textcomp Info: Setting lmtt sub-encoding to TS1/0 on input line 384.
Package textcomp Info: Setting qhv sub-encoding to TS1/0 on input line 385.
Package textcomp Info: Setting qag sub-encoding to TS1/0 on input line 386.
Package textcomp Info: Setting qbk sub-encoding to TS1/0 on input line 387.
Package textcomp Info: Setting qcr sub-encoding to TS1/0 on input line 388.
Package textcomp Info: Setting qcs sub-encoding to TS1/0 on input line 389.
Package textcomp Info: Setting qpl sub-encoding to TS1/0 on input line 390.
Package textcomp Info: Setting qtm sub-encoding to TS1/0 on input line 391.
Package textcomp Info: Setting qzc sub-encoding to TS1/0 on input line 392.
Package textcomp Info: Setting qhvc sub-encoding to TS1/0 on input line 393.
Package textcomp Info: Setting futs sub-encoding to TS1/4 on input line 394.
Package textcomp Info: Setting futx sub-encoding to TS1/4 on input line 395.
Package textcomp Info: Setting futj sub-encoding to TS1/4 on input line 396.
Package textcomp Info: Setting hlh sub-encoding to TS1/3 on input line 397.
Package textcomp Info: Setting hls sub-encoding to TS1/3 on input line 398.
Package textcomp Info: Setting hlst sub-encoding to TS1/3 on input line 399.
Package textcomp Info: Setting hlct sub-encoding to TS1/5 on input line 400.
Package textcomp Info: Setting hlx sub-encoding to TS1/5 on input line 401.
Package textcomp Info: Setting hlce sub-encoding to TS1/5 on input line 402.
Package textcomp Info: Setting hlcn sub-encoding to TS1/5 on input line 403.
Package textcomp Info: Setting hlcw sub-encoding to TS1/5 on input line 404.
Package textcomp Info: Setting hlcf sub-encoding to TS1/5 on input line 405.
Package textcomp Info: Setting pplx sub-encoding to TS1/3 on input line 406.
Package textcomp Info: Setting pplj sub-encoding to TS1/3 on input line 407.
Package textcomp Info: Setting ptmx sub-encoding to TS1/4 on input line 408.
Package textcomp Info: Setting ptmj sub-encoding to TS1/4 on input line 409.
)
\c@lstlisting=\count144

(/usr/share/texlive/texmf-dist/tex/latex/listings/lstlang1.sty
File: lstlang1.sty 2015/06/04 1.6 listings language file
)
(/usr/share/texlive/texmf-dist/tex/latex/listings/lstmisc.sty
File: lstmisc.sty 2015/06/04 1.6 (Carsten Heinz)
)

LaTeX Warning: No positions in optional float specifier.
               Default added (so using `tbp') on input line 24.

\openout3 = `final.pyg'.

(./_minted-final/default-pyg-prefix.pygstyle) (./_minted-final/default.pygstyle
)
(./_minted-final/E0C96A065EE4B48282B168F4358567203A904B7D671FC0E755233FD963FDB9
BA.pygtex
Overfull \hbox (5.25069pt too wide) in paragraph at lines 38--1
\OT1/cmr/m/n/10 wall can be pro-duced by chang-ing the val-ues be-ing as-signed
 to links[linkcount][0:2]
 []


Underfull \hbox (badness 10000) in paragraph at lines 38--1

 []

[1

{/var/lib/texmf/fonts/map/pdftex/updmap/pdftex.map}]
LaTeX Font Info:    Font shape `OT1/cmtt/bx/n' in size <10> not available
(Font)              Font shape `OT1/cmtt/m/n' tried instead on input line 3.
)
\openout3 = `final.pyg'.


(./_minted-final/37BBAB429CBF6D3D9F98D16A057D852B3A904B7D671FC0E755233FD963FDB9
BA.pygtex
Underfull \hbox (badness 10000) in paragraph at lines 57--1

 []

[2])
<p1_noleakage.png, id=20, 1269.74374pt x 536.0025pt>
File: p1_noleakage.png Graphic file (type png)
<use p1_noleakage.png>
Package pdftex.def Info: p1_noleakage.png  used on input line 88. on input line
 88.
Package pdftex.def Info: Requested size: 253.94424pt x 107.1986pt on input line
 88.
\openout3 = `final.pyg'.


(./_minted-final/AEC3863FA37811E59295684D25C335313A904B7D671FC0E755233FD963FDB9
BA.pygtex [3 <./p1_noleakage.png>])
Underfull \hbox (badness 10000) in paragraph at lines 116--117

 []


Underfull \hbox (badness 10000) in paragraph at lines 117--118

 []


Underfull \hbox (badness 10000) in paragraph at lines 118--119

 []

\openout3 = `final.pyg'.


(./_minted-final/E8C666205EBD5D924B6C00620FE369053A904B7D671FC0E755233FD963FDB9
BA.pygtex)
\openout3 = `final.pyg'.


(./_minted-final/5C4EF68EBDCE667781D1D5B1ACC6C4963A904B7D671FC0E755233FD963FDB9
BA.pygtex [4])
\openout3 = `final.pyg'.


(./_minted-final/BB33D66FA5CAD0698AD4FE831CE479253A904B7D671FC0E755233FD963FDB9
BA.pygtex)
<A1_p0.png, id=31, 554.07pt x 1043.9pt>
File: A1_p0.png Graphic file (type png)
<use A1_p0.png>
Package pdftex.def Info: A1_p0.png  used on input line 164. on input line 164.
Package pdftex.def Info: Requested size: 193.9274pt x 365.37047pt on input line
 164.
 [5]
<A1p1.png, id=35, 955.57pt x 919.435pt>
File: A1p1.png Graphic file (type png)
<use A1p1.png>
Package pdftex.def Info: A1p1.png  used on input line 169. on input line 169.
Package pdftex.def Info: Requested size: 334.45451pt x 321.80707pt on input lin
e 169.
 [6 <./A1_p0.png>]
<A1p2.png, id=39, 696.6025pt x 592.2125pt>
File: A1p2.png Graphic file (type png)
<use A1p2.png>
Package pdftex.def Info: A1p2.png  used on input line 174. on input line 174.
Package pdftex.def Info: Requested size: 243.81453pt x 207.27747pt on input lin
e 174.
 [7 <./A1p1.png>]
<A1p3.png, id=44, 953.5625pt x 917.4275pt>
File: A1p3.png Graphic file (type png)
<use A1p3.png>
Package pdftex.def Info: A1p3.png  used on input line 179. on input line 179.
Package pdftex.def Info: Requested size: 333.75188pt x 321.10445pt on input lin
e 179.
 [8 <./A1p2.png>]
<A1p4.png, id=48, 1104.125pt x 953.5625pt>
File: A1p4.png Graphic file (type png)
<use A1p4.png>
Package pdftex.def Info: A1p4.png  used on input line 184. on input line 184.
Package pdftex.def Info: Requested size: 386.44954pt x 333.75188pt on input lin
e 184.

Overfull \hbox (41.44954pt too wide) in paragraph at lines 184--185
[][] 
 []

[9 <./A1p3.png>]
<A1p5.png, id=52, 1106.1325pt x 953.5625pt>
File: A1p5.png Graphic file (type png)
<use A1p5.png>
Package pdftex.def Info: A1p5.png  used on input line 189. on input line 189.
Package pdftex.def Info: Requested size: 387.15218pt x 333.75188pt on input lin
e 189.

Overfull \hbox (42.15218pt too wide) in paragraph at lines 189--190
[][] 
 []

[10 <./A1p4.png>] [11 <./A1p5.png>]
\openout3 = `final.pyg'.


(./_minted-final/5762ECA5519F8B56BEAC2F63F183DA033A904B7D671FC0E755233FD963FDB9
BA.pygtex)
<A11p0.png, id=59, 411.5375pt x 594.22pt>
File: A11p0.png Graphic file (type png)
<use A11p0.png>
Package pdftex.def Info: A11p0.png  used on input line 218. on input line 218.
Package pdftex.def Info: Requested size: 144.04028pt x 207.98012pt on input lin
e 218.
<A11p2.png, id=60, 1326.9575pt x 879.285pt>
File: A11p2.png Graphic file (type png)
<use A11p2.png>
Package pdftex.def Info: A11p2.png  used on input line 224. on input line 224.
Package pdftex.def Info: Requested size: 464.4421pt x 307.75436pt on input line
 224.

Overfull \hbox (119.4421pt too wide) in paragraph at lines 224--225
[][] 
 []

[12 <./A11p0.png>]
<A11p5.png, id=64, 807.015pt x 821.0675pt>
File: A11p5.png Graphic file (type png)
<use A11p5.png>
Package pdftex.def Info: A11p5.png  used on input line 230. on input line 230.
Package pdftex.def Info: Requested size: 282.45947pt x 287.37793pt on input lin
e 230.
 [13 <./A11p2.png>]
<A11p3.png, id=69, 849.1725pt x 638.385pt>
File: A11p3.png Graphic file (type png)
<use A11p3.png>
Package pdftex.def Info: A11p3.png  used on input line 235. on input line 235.
Package pdftex.def Info: Requested size: 297.21483pt x 223.43808pt on input lin
e 235.
 [14 <./A11p5.png>]
<A11p4.png, id=73, 855.195pt x 638.385pt>
File: A11p4.png Graphic file (type png)
<use A11p4.png>
Package pdftex.def Info: A11p4.png  used on input line 240. on input line 240.
Package pdftex.def Info: Requested size: 299.32274pt x 223.43808pt on input lin
e 240.
 [15 <./A11p3.png> <./A11p4.png>]
Underfull \hbox (badness 10000) in paragraph at lines 269--274

 []

\openout3 = `final.pyg'.


(./_minted-final/771D59EB5BBCD20B58B746B1DF9FD4FF3A904B7D671FC0E755233FD963FDB9
BA.pygtex [16])
\openout3 = `final.pyg'.


(./_minted-final/ED75560568537096D61A6A742BAE85F83A904B7D671FC0E755233FD963FDB9
BA.pygtex [17])
<A2p1.png, id=83, 893.3375pt x 445.665pt>
File: A2p1.png Graphic file (type png)
<use A2p1.png>
Package pdftex.def Info: A2p1.png  used on input line 353. on input line 353.
Package pdftex.def Info: Requested size: 312.6728pt x 155.98508pt on input line
 353.
<A3p0.png, id=84, 981.6675pt x 572.1375pt>
File: A3p0.png Graphic file (type png)
<use A3p0.png>
Package pdftex.def Info: A3p0.png  used on input line 358. on input line 358.
Package pdftex.def Info: Requested size: 343.58878pt x 200.25111pt on input lin
e 358.
 [18 <./A2p1.png>]
<A2p3.png, id=88, 981.6675pt x 570.13pt>
File: A2p3.png Graphic file (type png)
<use A2p3.png>
Package pdftex.def Info: A2p3.png  used on input line 363. on input line 363.
Package pdftex.def Info: Requested size: 343.58878pt x 199.5485pt on input line
 363.
 [19 <./A3p0.png> <./A2p3.png>]
(/home/david/Documents/Computational_Physics/Lattice_Gas_Movable_Links/Moving_W
all/LG2d.c
LaTeX Font Info:    Try loading font information for OML+cmr on input line 2.
 (/usr/share/texlive/texmf-dist/tex/latex/base/omlcmr.fd
File: omlcmr.fd 2014/09/29 v2.5h Standard LaTeX font definitions
)
LaTeX Font Info:    Font shape `OML/cmr/m/n' in size <10> not available
(Font)              Font shape `OML/cmm/m/it' tried instead on input line 2.
 [20]
Overfull \hbox (9.0036pt too wide) in paragraph at lines 36--37
[][][][][][][][][][][][][][][][][][][][][][][][] 
 []


Overfull \hbox (45.00397pt too wide) in paragraph at lines 41--42
[][][][][][][][][][][][] 
 []


Overfull \hbox (105.00458pt too wide) in paragraph at lines 42--43
[][][][][][][][][][][][] 
 []


Overfull \hbox (201.00555pt too wide) in paragraph at lines 49--50
[][][][][][][][][][][][][][][][][][][][][][][][][][][][] 
 []


Overfull \hbox (57.00409pt too wide) in paragraph at lines 50--51
[][][][][][][][][][][][] 
 []


Overfull \hbox (81.00433pt too wide) in paragraph at lines 52--53
[][][][][][][][][][][][][][][][][][][][][][][][] 
 []


Overfull \hbox (33.00385pt too wide) in paragraph at lines 57--58
[][][][][][][][][][][][][][] 
 []


Overfull \hbox (15.00366pt too wide) in paragraph at lines 61--62
[][][][][][][][][][][][][][] 
 []


Overfull \hbox (189.00543pt too wide) in paragraph at lines 63--64
[][][][][][][][][][][][] 
 []


Overfull \hbox (189.00543pt too wide) in paragraph at lines 65--66
[][][][][][][][][][][][] 
 []


Overfull \hbox (249.00604pt too wide) in paragraph at lines 67--68
[][][][][][][][][][][][] 
 []


Overfull \hbox (93.00446pt too wide) in paragraph at lines 69--70
[][][][][][][][][][][][] 
 []


Overfull \hbox (153.00507pt too wide) in paragraph at lines 71--72
[][][][][][][][][][][][] 
 []


Overfull \hbox (189.00543pt too wide) in paragraph at lines 73--74
[][][][][][][][][][][][] 
 []


Overfull \hbox (249.00604pt too wide) in paragraph at lines 75--77
[][][][][][][][][][][][] 
 []

[21]
Overfull \hbox (21.00372pt too wide) in paragraph at lines 88--89
[][][][][][][][][][][][][][] 
 []


Overfull \hbox (177.00531pt too wide) in paragraph at lines 89--90
[][][][][][][][][][][][] 
 []


Overfull \hbox (237.00592pt too wide) in paragraph at lines 91--93
[][][][][][][][][][][][] 
 []

LaTeX Font Info:    Try loading font information for OMS+cmr on input line 95.
(/usr/share/texlive/texmf-dist/tex/latex/base/omscmr.fd
File: omscmr.fd 2014/09/29 v2.5h Standard LaTeX font definitions
)
LaTeX Font Info:    Font shape `OMS/cmr/m/n' in size <10> not available
(Font)              Font shape `OMS/cmsy/m/n' tried instead on input line 95.
LaTeX Font Info:    Font shape `OML/cmr/m/it' in size <10> not available
(Font)              Font shape `OML/cmm/m/it' tried instead on input line 96.

Overfull \hbox (123.00476pt too wide) in paragraph at lines 96--99
[][][][][][][][][][][][][][][][][][][][][][][][][][][][][]
 []


Overfull \hbox (57.00409pt too wide) in paragraph at lines 109--110
[][][][][][][][][][][][] 
 []


Overfull \hbox (57.00409pt too wide) in paragraph at lines 110--111
[][][][][][][][][][][][] 
 []


Overfull \hbox (57.00409pt too wide) in paragraph at lines 111--112
[][][][][][][][][][][][] 
 []


Overfull \hbox (57.00409pt too wide) in paragraph at lines 112--113
[][][][][][][][][][][][] 
 []


Overfull \hbox (9.0036pt too wide) in paragraph at lines 113--114
[][][][][][][][][][][][] 
 []


Overfull \hbox (9.0036pt too wide) in paragraph at lines 114--115
[][][][][][][][][][][][] 
 []


Overfull \hbox (51.00403pt too wide) in paragraph at lines 115--116
[][][][][][][][][][][][] 
 []


Overfull \hbox (51.00403pt too wide) in paragraph at lines 116--117
[][][][][][][][][][][][] 
 []


Overfull \hbox (21.00372pt too wide) in paragraph at lines 119--120
[][][][][][][][][][][][] 
 []

[22]
Overfull \hbox (273.00629pt too wide) in paragraph at lines 134--135
[][][][][][][][][][][][][][][][][][][][][][][][][][][][][][][] 
 []


Overfull \hbox (273.00629pt too wide) in paragraph at lines 135--136
[][][][][][][][][][][][][][][][][][][][][][][][][][][][][][][] 
 []


Overfull \hbox (81.00433pt too wide) in paragraph at lines 150--151
[][][][][][][][][][][][][][][] 
 []


Overfull \hbox (33.00385pt too wide) in paragraph at lines 160--161
[][][][][][][][][][][][][][][] 
 []

LaTeX Font Info:    Try loading font information for TS1+cmr on input line 165.

(/usr/share/texlive/texmf-dist/tex/latex/base/ts1cmr.fd
File: ts1cmr.fd 2014/09/29 v2.5h Standard LaTeX font definitions
)
Overfull \hbox (183.00537pt too wide) in paragraph at lines 165--167
[][][][][][][][][][][][][][][][][][][] 
 []


Overfull \hbox (9.0036pt too wide) in paragraph at lines 167--168
[][][][][][][][][][][][][][][][][][][][] 
 []

[23]
Overfull \hbox (21.00372pt too wide) in paragraph at lines 171--172
[][][][][][][][][][][][][][][] 
 []


Overfull \hbox (273.00629pt too wide) in paragraph at lines 176--178
[][][][][][][][][][][][][][][][][][][][][][][] 
 []


Overfull \hbox (261.00616pt too wide) in paragraph at lines 178--180
[][][][][][][][][][][][][][][][][][][] 
 []


Overfull \hbox (21.00372pt too wide) in paragraph at lines 180--181
[][][][][][][][][][][][][] 
 []


Overfull \hbox (297.00653pt too wide) in paragraph at lines 190--191
[][][][][][][][][][][][][][][] 
 []


Overfull \hbox (21.00372pt too wide) in paragraph at lines 191--192
[][][][][][][] 
 []


Overfull \hbox (297.00653pt too wide) in paragraph at lines 192--193
[][][][][][][][][][][][][][][] 
 []


Overfull \hbox (21.00372pt too wide) in paragraph at lines 193--194
[][][][][][][] 
 []


Overfull \hbox (297.00653pt too wide) in paragraph at lines 195--196
[][][][][][][][][][][][][][][] 
 []


Overfull \hbox (21.00372pt too wide) in paragraph at lines 196--197
[][][][][][][] 
 []


Overfull \hbox (297.00653pt too wide) in paragraph at lines 197--198
[][][][][][][][][][][][][][][] 
 []


Overfull \hbox (21.00372pt too wide) in paragraph at lines 198--199
[][][][][][][] 
 []


Overfull \hbox (201.00555pt too wide) in paragraph at lines 200--201
[][][][][][][][][][][][][][][] 
 []


Overfull \hbox (201.00555pt too wide) in paragraph at lines 202--203
[][][][][][][][][][][][][][][] 
 []


Overfull \hbox (285.00641pt too wide) in paragraph at lines 206--207
[][][][][][][][][][][][][][][] 
 []


Overfull \hbox (9.0036pt too wide) in paragraph at lines 207--208
[][][][][][][] 
 []


Overfull \hbox (285.00641pt too wide) in paragraph at lines 208--209
[][][][][][][][][][][][][][][] 
 []


Overfull \hbox (9.0036pt too wide) in paragraph at lines 209--211
[][][][][][][] 
 []


Overfull \hbox (153.00507pt too wide) in paragraph at lines 212--213
[][][][][][][][][][][][][][][] 
 []


Overfull \hbox (153.00507pt too wide) in paragraph at lines 214--215
[][][][][][][][][][][][][][][] 
 []

[24]
Overfull \hbox (213.00568pt too wide) in paragraph at lines 217--218
[][][][][][][][][][][][][][][] 
 []


Overfull \hbox (105.00458pt too wide) in paragraph at lines 220--221
[][][][][][][][][][][][][][][][][][][][][][][][][][][][][] 
 []


Overfull \hbox (357.00714pt too wide) in paragraph at lines 224--225
[][][][][][][][][][][][][][][] 
 []


Overfull \hbox (357.00714pt too wide) in paragraph at lines 226--227
[][][][][][][][][][][][][][][] 
 []


Overfull \hbox (357.00714pt too wide) in paragraph at lines 229--230
[][][][][][][][][][][][][][][] 
 []


Overfull \hbox (357.00714pt too wide) in paragraph at lines 231--232
[][][][][][][][][][][][][][][] 
 []


Overfull \hbox (261.00616pt too wide) in paragraph at lines 234--235
[][][][][][][][][][][][][][][] 
 []


Overfull \hbox (261.00616pt too wide) in paragraph at lines 236--237
[][][][][][][][][][][][][][][] 
 []


Overfull \hbox (345.00702pt too wide) in paragraph at lines 240--241
[][][][][][][][][][][][][][][] 
 []


Overfull \hbox (345.00702pt too wide) in paragraph at lines 242--243
[][][][][][][][][][][][][][][] 
 []


Overfull \hbox (213.00568pt too wide) in paragraph at lines 245--246
[][][][][][][][][][][][][][][] 
 []


Overfull \hbox (213.00568pt too wide) in paragraph at lines 247--248
[][][][][][][][][][][][][][][] 
 []


Overfull \hbox (273.00629pt too wide) in paragraph at lines 250--251
[][][][][][][][][][][][][][][] 
 []


Overfull \hbox (63.00415pt too wide) in paragraph at lines 251--252
[][][][][][][][][][] 
 []


Overfull \hbox (27.00378pt too wide) in paragraph at lines 261--262
[][][][][][][][][] 
 []


Overfull \hbox (69.00421pt too wide) in paragraph at lines 262--263
[][][][][][][][][][][][][][][][] 
 []

[25]
Overfull \hbox (177.00531pt too wide) in paragraph at lines 263--264
[][][][][][][][][][][][][][][][][] 
 []


Overfull \hbox (39.0039pt too wide) in paragraph at lines 264--265
[][][][][][][][][][][][] 
 []


Overfull \hbox (39.0039pt too wide) in paragraph at lines 265--266
[][][][][][][][][][][] 
 []


Overfull \hbox (273.00629pt too wide) in paragraph at lines 266--268
[][][][][][][][][][][][][][][][][][] 
 []


Overfull \hbox (189.00543pt too wide) in paragraph at lines 268--269
[][][][][][][][][][][][][][][][][] 
 []


Overfull \hbox (177.00531pt too wide) in paragraph at lines 270--271
[][][][][][][][][][][][][][][][][] 
 []


Overfull \hbox (39.0039pt too wide) in paragraph at lines 271--272
[][][][][][][][][][][][] 
 []


Overfull \hbox (39.0039pt too wide) in paragraph at lines 272--273
[][][][][][][][][][][] 
 []


Overfull \hbox (273.00629pt too wide) in paragraph at lines 273--274
[][][][][][][][][][][][][][][][][][] 
 []


Overfull \hbox (189.00543pt too wide) in paragraph at lines 274--275
[][][][][][][][][][][][][][][][][] 
 []


Overfull \hbox (177.00531pt too wide) in paragraph at lines 276--277
[][][][][][][][][][][][][][][][][] 
 []


Overfull \hbox (39.0039pt too wide) in paragraph at lines 277--278
[][][][][][][][][][][][] 
 []


Overfull \hbox (39.0039pt too wide) in paragraph at lines 278--279
[][][][][][][][][][][] 
 []


Overfull \hbox (273.00629pt too wide) in paragraph at lines 279--280
[][][][][][][][][][][][][][][][][][] 
 []


Overfull \hbox (189.00543pt too wide) in paragraph at lines 280--281
[][][][][][][][][][][][][][][][][] 
 []


Overfull \hbox (177.00531pt too wide) in paragraph at lines 284--285
[][][][][][][][][][][][][][][][][] 
 []


Overfull \hbox (51.00403pt too wide) in paragraph at lines 285--286
[][][][][][][][][][][][] 
 []


Overfull \hbox (39.0039pt too wide) in paragraph at lines 286--287
[][][][][][][][][][][] 
 []


Overfull \hbox (273.00629pt too wide) in paragraph at lines 287--288
[][][][][][][][][][][][][][][][][][] 
 []


Overfull \hbox (189.00543pt too wide) in paragraph at lines 288--289
[][][][][][][][][][][][][][][][][] 
 []


Overfull \hbox (243.00598pt too wide) in paragraph at lines 291--292
[][][][][][][][][][][][][][][][][][][] 
 []


Overfull \hbox (117.0047pt too wide) in paragraph at lines 292--293
[][][][][][][][][][][][][][] 
 []


Overfull \hbox (39.0039pt too wide) in paragraph at lines 293--294
[][][][][][][][][][][] 
 []


Overfull \hbox (273.00629pt too wide) in paragraph at lines 294--295
[][][][][][][][][][][][][][][][][][] 
 []


Overfull \hbox (189.00543pt too wide) in paragraph at lines 295--296
[][][][][][][][][][][][][][][][][] 
 []


Overfull \hbox (27.00378pt too wide) in paragraph at lines 298--299
[][][][][][][][][][][] 
 []


Overfull \hbox (105.00458pt too wide) in paragraph at lines 302--303
[][][][][][][][][][][][][][][][][][][][][][][][][][][][][][][] 
 []

[26] [27]
Overfull \hbox (153.00507pt too wide) in paragraph at lines 392--393
[][][][][][][][][][][][][][][][][][][][][][][][][][][][][][][][][] 
 []

[28]
Overfull \hbox (105.00458pt too wide) in paragraph at lines 406--407
[][][][][][][][][][][][][][][][][][][][][][][][][][][][][][][][][] 
 []


Overfull \hbox (81.00433pt too wide) in paragraph at lines 407--408
[][][][][][][][][][][][][][][][][][][][][][][][][][][][][][][][][] 
 []


Overfull \hbox (291.00647pt too wide) in paragraph at lines 408--409
[][][][][][][][][][][][][][][][][][][][][][][][][][][][][][][][][][][][][] 
 []


Overfull \hbox (33.00385pt too wide) in paragraph at lines 409--410
[][][][][][][][][][][][][][][][][][][] 
 []


Overfull \hbox (9.0036pt too wide) in paragraph at lines 418--419
[][][][][][][][][][][][][][] 
 []


Overfull \hbox (21.00372pt too wide) in paragraph at lines 425--426
[][][][][][][][][][][][][][][][][][][][][][] 
 []


Overfull \hbox (153.00507pt too wide) in paragraph at lines 427--428
[][][][][][][][][][][][][][][][][][][][][][][][][][][][][][][][][] 
 []


Overfull \hbox (393.0075pt too wide) in paragraph at lines 428--429
[][][][][][][][][][][][][][][][][][][][][][][][][][][][][][][][][][][][][][][][
][][][][][][][][][][][][][][][] 
 []


Overfull \hbox (75.00427pt too wide) in paragraph at lines 429--430
[][][][][][][][][][][][][][][][][][][][][][][][][][][][][][][][] 
 []


Overfull \hbox (63.00415pt too wide) in paragraph at lines 434--435
[][][][][][][][][][][] 
 []


Overfull \hbox (63.00415pt too wide) in paragraph at lines 435--436
[][][][][][][][][][][] 
 []

[29] [30]
Overfull \hbox (3.00354pt too wide) in paragraph at lines 495--496
[][][][][][][][][][][][][][][][][][][][][][][][][][][][][][][][][][][][] 
 []

[31]
Overfull \hbox (57.00409pt too wide) in paragraph at lines 559--560
[][][][][][][][][][][][][][][][][][][][][][][][][] 
 []

[32] [33]
Overfull \hbox (21.00372pt too wide) in paragraph at lines 633--634
[][][][][][][][][][][][][][][][][][][][][][][][][][][][][][][] 
 []


Overfull \hbox (9.0036pt too wide) in paragraph at lines 646--647
[][][][][][][][][][][][][][][][][][][][][][][][][][][][][][][] 
 []


Overfull \hbox (9.0036pt too wide) in paragraph at lines 666--667
[][][][][][][][][][][][][][][][][][][][][][][][][][][][][][][] 
 []

[34]
Overfull \hbox (9.0036pt too wide) in paragraph at lines 711--712
[][][][][][][][][][][][][][][][][] 
 []


Overfull \hbox (219.00574pt too wide) in paragraph at lines 712--713
[][][][][][][][][][][][][][][][][][][][][] 
 []


Overfull \hbox (219.00574pt too wide) in paragraph at lines 713--714
[][][][][][][][][][][][][][][][][][][][][] 
 []


Overfull \hbox (219.00574pt too wide) in paragraph at lines 714--715
[][][][][][][][][][][][][][][][][][][][][] 
 []


Overfull \hbox (219.00574pt too wide) in paragraph at lines 715--716
[][][][][][][][][][][][][][][][][][][][][] 
 []


Overfull \hbox (129.00482pt too wide) in paragraph at lines 716--717
[][][][][][][][][][][][][][][][][][][][] 
 []


Overfull \hbox (123.00476pt too wide) in paragraph at lines 717--718
[][][][][][][][][][][][][][][][][][][] 
 []


Overfull \hbox (207.00562pt too wide) in paragraph at lines 718--719
[][][][][][][][][][][][][][][][][][][][][] 
 []


Overfull \hbox (207.00562pt too wide) in paragraph at lines 719--720
[][][][][][][][][][][][][][][][][][][][][] 
 []


Overfull \hbox (75.00427pt too wide) in paragraph at lines 720--721
[][][][][][][][][][][][][][][][][] 
 []


Overfull \hbox (75.00427pt too wide) in paragraph at lines 721--722
[][][][][][][][][][][][][][][][][] 
 []


Overfull \hbox (135.00488pt too wide) in paragraph at lines 722--723
[][][][][][][][][][][][][][][][][] 
 []

[35]
Overfull \hbox (279.00635pt too wide) in paragraph at lines 724--725
[][][][][][][][][][][][][][][][][][][][][][][] 
 []


Overfull \hbox (279.00635pt too wide) in paragraph at lines 725--726
[][][][][][][][][][][][][][][][][][][][][][][] 
 []


Overfull \hbox (279.00635pt too wide) in paragraph at lines 726--727
[][][][][][][][][][][][][][][][][][][][][][][] 
 []


Overfull \hbox (279.00635pt too wide) in paragraph at lines 727--728
[][][][][][][][][][][][][][][][][][][][][][][] 
 []


Overfull \hbox (183.00537pt too wide) in paragraph at lines 728--729
[][][][][][][][][][][][][][][][][][][][][] 
 []


Overfull \hbox (183.00537pt too wide) in paragraph at lines 729--730
[][][][][][][][][][][][][][][][][][][][][] 
 []


Overfull \hbox (267.00623pt too wide) in paragraph at lines 730--731
[][][][][][][][][][][][][][][][][][][][][][][] 
 []


Overfull \hbox (267.00623pt too wide) in paragraph at lines 731--732
[][][][][][][][][][][][][][][][][][][][][][][] 
 []


Overfull \hbox (135.00488pt too wide) in paragraph at lines 732--733
[][][][][][][][][][][][][][][][][][][] 
 []


Overfull \hbox (135.00488pt too wide) in paragraph at lines 733--734
[][][][][][][][][][][][][][][][][][][] 
 []


Overfull \hbox (195.0055pt too wide) in paragraph at lines 734--735
[][][][][][][][][][][][][][][][][][][] 
 []


Overfull \hbox (63.00415pt too wide) in paragraph at lines 746--747
[][][][][][][][][][][][][] 
 []


Overfull \hbox (39.0039pt too wide) in paragraph at lines 758--759
[][][][][][][][][][][][][][][][][] 
 []

[36])
(/home/david/Documents/Computational_Physics/Lattice_Gas_Movable_Links/Moving_W
all_1/LG2d.c [37]
Overfull \hbox (9.0036pt too wide) in paragraph at lines 37--38
[][][][][][][][][][][][][][][][][][][][][][][][] 
 []


Overfull \hbox (45.00397pt too wide) in paragraph at lines 42--43
[][][][][][][][][][][][] 
 []


Overfull \hbox (105.00458pt too wide) in paragraph at lines 43--44
[][][][][][][][][][][][] 
 []


Overfull \hbox (477.00836pt too wide) in paragraph at lines 50--51
[][][][][][][][][][][][][][][][][][][][][][][][][][][][][][][][][][][][][][][][
][][][][] 
 []


Overfull \hbox (57.00409pt too wide) in paragraph at lines 52--53
[][][][][][][][][][][][] 
 []


Overfull \hbox (81.00433pt too wide) in paragraph at lines 54--55
[][][][][][][][][][][][][][][][][][][][][][][][] 
 []


Overfull \hbox (39.0039pt too wide) in paragraph at lines 58--59
[][][][][][][][][][][][][][] 
 []


Overfull \hbox (15.00366pt too wide) in paragraph at lines 62--63
[][][][][][][][][][][][][][] 
 []


Overfull \hbox (189.00543pt too wide) in paragraph at lines 64--65
[][][][][][][][][][][][] 
 []

[38]
Overfull \hbox (189.00543pt too wide) in paragraph at lines 66--67
[][][][][][][][][][][][] 
 []


Overfull \hbox (249.00604pt too wide) in paragraph at lines 68--69
[][][][][][][][][][][][] 
 []


Overfull \hbox (93.00446pt too wide) in paragraph at lines 70--71
[][][][][][][][][][][][] 
 []


Overfull \hbox (153.00507pt too wide) in paragraph at lines 72--73
[][][][][][][][][][][][] 
 []


Overfull \hbox (189.00543pt too wide) in paragraph at lines 74--75
[][][][][][][][][][][][] 
 []


Overfull \hbox (249.00604pt too wide) in paragraph at lines 76--78
[][][][][][][][][][][][] 
 []


Overfull \hbox (21.00372pt too wide) in paragraph at lines 91--92
[][][][][][][][][][][][][][] 
 []


Overfull \hbox (177.00531pt too wide) in paragraph at lines 92--93
[][][][][][][][][][][][] 
 []


Overfull \hbox (237.00592pt too wide) in paragraph at lines 94--97
[][][][][][][][][][][][] 
 []


Overfull \hbox (123.00476pt too wide) in paragraph at lines 100--103
[][][][][][][][][][][][][][][][][][][][][][][][][][][][][]
 []

[39]
Overfull \hbox (57.00409pt too wide) in paragraph at lines 111--112
[][][][][][][][][][][][] 
 []


Overfull \hbox (57.00409pt too wide) in paragraph at lines 112--113
[][][][][][][][][][][][] 
 []


Overfull \hbox (57.00409pt too wide) in paragraph at lines 113--114
[][][][][][][][][][][][] 
 []


Overfull \hbox (57.00409pt too wide) in paragraph at lines 114--115
[][][][][][][][][][][][] 
 []


Overfull \hbox (9.0036pt too wide) in paragraph at lines 115--116
[][][][][][][][][][][][] 
 []


Overfull \hbox (9.0036pt too wide) in paragraph at lines 116--117
[][][][][][][][][][][][] 
 []


Overfull \hbox (51.00403pt too wide) in paragraph at lines 117--118
[][][][][][][][][][][][] 
 []


Overfull \hbox (51.00403pt too wide) in paragraph at lines 118--119
[][][][][][][][][][][][] 
 []


Overfull \hbox (21.00372pt too wide) in paragraph at lines 121--122
[][][][][][][][][][][][] 
 []


Overfull \hbox (273.00629pt too wide) in paragraph at lines 136--137
[][][][][][][][][][][][][][][][][][][][][][][][][][][][][][][] 
 []


Overfull \hbox (273.00629pt too wide) in paragraph at lines 137--138
[][][][][][][][][][][][][][][][][][][][][][][][][][][][][][][] 
 []


Overfull \hbox (81.00433pt too wide) in paragraph at lines 152--153
[][][][][][][][][][][][][][][] 
 []

[40]
Overfull \hbox (33.00385pt too wide) in paragraph at lines 162--163
[][][][][][][][][][][][][][][] 
 []


Overfull \hbox (183.00537pt too wide) in paragraph at lines 167--169
[][][][][][][][][][][][][][][][][][][] 
 []


Overfull \hbox (9.0036pt too wide) in paragraph at lines 169--170
[][][][][][][][][][][][][][][][][][][][] 
 []


Overfull \hbox (21.00372pt too wide) in paragraph at lines 173--174
[][][][][][][][][][][][][][][] 
 []


Overfull \hbox (273.00629pt too wide) in paragraph at lines 178--180
[][][][][][][][][][][][][][][][][][][][][][][] 
 []


Overfull \hbox (261.00616pt too wide) in paragraph at lines 180--182
[][][][][][][][][][][][][][][][][][][] 
 []


Overfull \hbox (21.00372pt too wide) in paragraph at lines 182--183
[][][][][][][][][][][][][] 
 []


Overfull \hbox (297.00653pt too wide) in paragraph at lines 192--193
[][][][][][][][][][][][][][][] 
 []


Overfull \hbox (21.00372pt too wide) in paragraph at lines 193--194
[][][][][][][] 
 []


Overfull \hbox (297.00653pt too wide) in paragraph at lines 194--195
[][][][][][][][][][][][][][][] 
 []


Overfull \hbox (21.00372pt too wide) in paragraph at lines 195--196
[][][][][][][] 
 []


Overfull \hbox (297.00653pt too wide) in paragraph at lines 197--198
[][][][][][][][][][][][][][][] 
 []


Overfull \hbox (21.00372pt too wide) in paragraph at lines 198--199
[][][][][][][] 
 []


Overfull \hbox (297.00653pt too wide) in paragraph at lines 199--200
[][][][][][][][][][][][][][][] 
 []


Overfull \hbox (21.00372pt too wide) in paragraph at lines 200--201
[][][][][][][] 
 []

[41]
Overfull \hbox (201.00555pt too wide) in paragraph at lines 202--203
[][][][][][][][][][][][][][][] 
 []


Overfull \hbox (201.00555pt too wide) in paragraph at lines 204--205
[][][][][][][][][][][][][][][] 
 []


Overfull \hbox (285.00641pt too wide) in paragraph at lines 208--209
[][][][][][][][][][][][][][][] 
 []


Overfull \hbox (9.0036pt too wide) in paragraph at lines 209--210
[][][][][][][] 
 []


Overfull \hbox (285.00641pt too wide) in paragraph at lines 210--211
[][][][][][][][][][][][][][][] 
 []


Overfull \hbox (9.0036pt too wide) in paragraph at lines 211--213
[][][][][][][] 
 []


Overfull \hbox (153.00507pt too wide) in paragraph at lines 214--215
[][][][][][][][][][][][][][][] 
 []


Overfull \hbox (153.00507pt too wide) in paragraph at lines 216--217
[][][][][][][][][][][][][][][] 
 []


Overfull \hbox (213.00568pt too wide) in paragraph at lines 219--220
[][][][][][][][][][][][][][][] 
 []


Overfull \hbox (105.00458pt too wide) in paragraph at lines 222--223
[][][][][][][][][][][][][][][][][][][][][][][][][][][][][] 
 []


Overfull \hbox (357.00714pt too wide) in paragraph at lines 226--227
[][][][][][][][][][][][][][][] 
 []


Overfull \hbox (357.00714pt too wide) in paragraph at lines 228--229
[][][][][][][][][][][][][][][] 
 []


Overfull \hbox (357.00714pt too wide) in paragraph at lines 231--232
[][][][][][][][][][][][][][][] 
 []


Overfull \hbox (357.00714pt too wide) in paragraph at lines 233--234
[][][][][][][][][][][][][][][] 
 []


Overfull \hbox (261.00616pt too wide) in paragraph at lines 236--237
[][][][][][][][][][][][][][][] 
 []


Overfull \hbox (261.00616pt too wide) in paragraph at lines 238--239
[][][][][][][][][][][][][][][] 
 []


Overfull \hbox (345.00702pt too wide) in paragraph at lines 242--243
[][][][][][][][][][][][][][][] 
 []


Overfull \hbox (345.00702pt too wide) in paragraph at lines 244--245
[][][][][][][][][][][][][][][] 
 []


Overfull \hbox (213.00568pt too wide) in paragraph at lines 247--248
[][][][][][][][][][][][][][][] 
 []

[42]
Overfull \hbox (213.00568pt too wide) in paragraph at lines 249--250
[][][][][][][][][][][][][][][] 
 []


Overfull \hbox (273.00629pt too wide) in paragraph at lines 252--253
[][][][][][][][][][][][][][][] 
 []


Overfull \hbox (63.00415pt too wide) in paragraph at lines 253--254
[][][][][][][][][][] 
 []


Overfull \hbox (27.00378pt too wide) in paragraph at lines 265--266
[][][][][][][][][] 
 []


Overfull \hbox (69.00421pt too wide) in paragraph at lines 266--267
[][][][][][][][][][][][][][][][] 
 []


Overfull \hbox (207.00562pt too wide) in paragraph at lines 267--268
[][][][][][][][][][][][][][][][][][][] 
 []


Overfull \hbox (69.00421pt too wide) in paragraph at lines 268--269
[][][][][][][][][][][][][][] 
 []


Overfull \hbox (69.00421pt too wide) in paragraph at lines 269--270
[][][][][][][][][][][][][] 
 []


Overfull \hbox (207.00562pt too wide) in paragraph at lines 271--272
[][][][][][][][][][][][][][][][][][][] 
 []


Overfull \hbox (69.00421pt too wide) in paragraph at lines 272--273
[][][][][][][][][][][][][][] 
 []


Overfull \hbox (69.00421pt too wide) in paragraph at lines 273--274
[][][][][][][][][][][][][] 
 []


Overfull \hbox (207.00562pt too wide) in paragraph at lines 275--276
[][][][][][][][][][][][][][][][][][][] 
 []


Overfull \hbox (69.00421pt too wide) in paragraph at lines 276--277
[][][][][][][][][][][][][][] 
 []


Overfull \hbox (69.00421pt too wide) in paragraph at lines 277--278
[][][][][][][][][][][][][] 
 []


Overfull \hbox (207.00562pt too wide) in paragraph at lines 283--284
[][][][][][][][][][][][][][][][][][][] 
 []


Overfull \hbox (81.00433pt too wide) in paragraph at lines 284--285
[][][][][][][][][][][][][][] 
 []


Overfull \hbox (69.00421pt too wide) in paragraph at lines 285--286
[][][][][][][][][][][][][] 
 []


Overfull \hbox (273.00629pt too wide) in paragraph at lines 288--289
[][][][][][][][][][][][][][][][][][][][][] 
 []


Overfull \hbox (147.005pt too wide) in paragraph at lines 289--290
[][][][][][][][][][][][][][][][] 
 []


Overfull \hbox (69.00421pt too wide) in paragraph at lines 290--291
[][][][][][][][][][][][][] 
 []

[43]
Overfull \hbox (27.00378pt too wide) in paragraph at lines 294--295
[][][][][][][][][][][] 
 []

[44] [45]
Overfull \hbox (153.00507pt too wide) in paragraph at lines 390--391
[][][][][][][][][][][][][][][][][][][][][][][][][][][][][][][][][] 
 []

LaTeX Font Info:    Font shape `OMS/cmr/m/it' in size <10> not available
(Font)              Font shape `OMS/cmsy/m/n' tried instead on input line 400.

Overfull \hbox (93.00446pt too wide) in paragraph at lines 414--415
[][][][][][][][][][][][][][][][][] 
 []


Overfull \hbox (417.00775pt too wide) in paragraph at lines 416--417
[][][][][][][][][][][][][][][][][][][][][][][][][][][][][][][][][] 
 []


Overfull \hbox (117.0047pt too wide) in paragraph at lines 424--425
[][][][][][][][][][][][][][][][][][][][][][][][] 
 []


Overfull \hbox (63.00415pt too wide) in paragraph at lines 425--427
[][][][][][][][][][][][][][][][][][][][] 
 []


Overfull \hbox (225.0058pt too wide) in paragraph at lines 427--428
[][][][][][][][][][][][][][][][][][][][][][][][][][][][][][][][][] 
 []

[46]
Overfull \hbox (63.00415pt too wide) in paragraph at lines 434--435
[][][][][][][][][][][] 
 []


Overfull \hbox (69.00421pt too wide) in paragraph at lines 435--436
[][][][][][][][][][][] 
 []

[47]
Overfull \hbox (3.00354pt too wide) in paragraph at lines 497--498
[][][][][][][][][][][][][][][][][][][][][][][][][][][][][][][][][][][][] 
 []

[48]
Overfull \hbox (57.00409pt too wide) in paragraph at lines 561--562
[][][][][][][][][][][][][][][][][][][][][][][][][] 
 []

[49] [50]
Overfull \hbox (21.00372pt too wide) in paragraph at lines 635--636
[][][][][][][][][][][][][][][][][][][][][][][][][][][][][][][] 
 []


Overfull \hbox (39.0039pt too wide) in paragraph at lines 642--643
[][][][][][][][][][][][][][][][][] 
 []


Overfull \hbox (105.00458pt too wide) in paragraph at lines 643--645
[][][][][][][][][][][][][][][][][][][][][][][][][] 
 []


Overfull \hbox (99.00452pt too wide) in paragraph at lines 653--655
[][][][][][][][][][][][][][][][][][][][][][][][][][] 
 []

[51]
Overfull \hbox (9.0036pt too wide) in paragraph at lines 669--670
[][][][][][][][][][][][][][][][][][][][][][][][][][][][][][][] 
 []


Overfull \hbox (9.0036pt too wide) in paragraph at lines 689--690
[][][][][][][][][][][][][][][][][][][][][][][][][][][][][][][] 
 []

[52]
Overfull \hbox (9.0036pt too wide) in paragraph at lines 734--735
[][][][][][][][][][][][][][][][][] 
 []


Overfull \hbox (219.00574pt too wide) in paragraph at lines 735--736
[][][][][][][][][][][][][][][][][][][][][] 
 []


Overfull \hbox (219.00574pt too wide) in paragraph at lines 736--737
[][][][][][][][][][][][][][][][][][][][][] 
 []


Overfull \hbox (219.00574pt too wide) in paragraph at lines 737--738
[][][][][][][][][][][][][][][][][][][][][] 
 []


Overfull \hbox (219.00574pt too wide) in paragraph at lines 738--739
[][][][][][][][][][][][][][][][][][][][][] 
 []


Overfull \hbox (129.00482pt too wide) in paragraph at lines 739--740
[][][][][][][][][][][][][][][][][][][][] 
 []


Overfull \hbox (123.00476pt too wide) in paragraph at lines 740--741
[][][][][][][][][][][][][][][][][][][] 
 []


Overfull \hbox (207.00562pt too wide) in paragraph at lines 741--742
[][][][][][][][][][][][][][][][][][][][][] 
 []


Overfull \hbox (207.00562pt too wide) in paragraph at lines 742--743
[][][][][][][][][][][][][][][][][][][][][] 
 []


Overfull \hbox (75.00427pt too wide) in paragraph at lines 743--744
[][][][][][][][][][][][][][][][][] 
 []


Overfull \hbox (75.00427pt too wide) in paragraph at lines 744--745
[][][][][][][][][][][][][][][][][] 
 []


Overfull \hbox (135.00488pt too wide) in paragraph at lines 745--746
[][][][][][][][][][][][][][][][][] 
 []


Overfull \hbox (183.00537pt too wide) in paragraph at lines 746--747
[][][][][][][][][][][][][][][][][][][] 
 []


Overfull \hbox (279.00635pt too wide) in paragraph at lines 748--749
[][][][][][][][][][][][][][][][][][][][][][][] 
 []


Overfull \hbox (279.00635pt too wide) in paragraph at lines 749--750
[][][][][][][][][][][][][][][][][][][][][][][] 
 []


Overfull \hbox (279.00635pt too wide) in paragraph at lines 750--751
[][][][][][][][][][][][][][][][][][][][][][][] 
 []


Overfull \hbox (279.00635pt too wide) in paragraph at lines 751--752
[][][][][][][][][][][][][][][][][][][][][][][] 
 []


Overfull \hbox (183.00537pt too wide) in paragraph at lines 752--753
[][][][][][][][][][][][][][][][][][][][][] 
 []


Overfull \hbox (183.00537pt too wide) in paragraph at lines 753--754
[][][][][][][][][][][][][][][][][][][][][] 
 []

[53]
Overfull \hbox (267.00623pt too wide) in paragraph at lines 754--755
[][][][][][][][][][][][][][][][][][][][][][][] 
 []


Overfull \hbox (267.00623pt too wide) in paragraph at lines 755--756
[][][][][][][][][][][][][][][][][][][][][][][] 
 []


Overfull \hbox (135.00488pt too wide) in paragraph at lines 756--757
[][][][][][][][][][][][][][][][][][][] 
 []


Overfull \hbox (135.00488pt too wide) in paragraph at lines 757--758
[][][][][][][][][][][][][][][][][][][] 
 []


Overfull \hbox (195.0055pt too wide) in paragraph at lines 758--759
[][][][][][][][][][][][][][][][][][][] 
 []


Overfull \hbox (63.00415pt too wide) in paragraph at lines 770--771
[][][][][][][][][][][][][] 
 []


Overfull \hbox (39.0039pt too wide) in paragraph at lines 783--784
[][][][][][][][][][][][][][][][][] 
 []

[54])
(/home/david/Documents/Computational_Physics/Lattice_Gas_Movable_Links/Moving_W
all_2/LG2d.c
Overfull \hbox (57.00409pt too wide) in paragraph at lines 2--4
[][][][][][][][][][][][][][][][][][][][][][][][][][] 
 []


Overfull \hbox (81.00433pt too wide) in paragraph at lines 4--5
[][][][][][][][][][][][][][][][][][][][][][][][][] 
 []


Overfull \hbox (135.00488pt too wide) in paragraph at lines 6--7
[][][][][][][][][][][][][][][][][][][][][][][][][][][][][][] 
 []

[55]
Overfull \hbox (9.0036pt too wide) in paragraph at lines 47--48
[][][][][][][][][][][][][][][][][][][][][][][][] 
 []


Overfull \hbox (45.00397pt too wide) in paragraph at lines 52--53
[][][][][][][][][][][][] 
 []


Overfull \hbox (105.00458pt too wide) in paragraph at lines 53--54
[][][][][][][][][][][][] 
 []


Overfull \hbox (477.00836pt too wide) in paragraph at lines 61--62
[][][][][][][][][][][][][][][][][][][][][][][][][][][][][][][][][][][][][][][][
][][][][] 
 []


Overfull \hbox (57.00409pt too wide) in paragraph at lines 63--64
[][][][][][][][][][][][] 
 []


Overfull \hbox (81.00433pt too wide) in paragraph at lines 65--66
[][][][][][][][][][][][][][][][][][][][][][][][] 
 []


Overfull \hbox (33.00385pt too wide) in paragraph at lines 70--71
[][][][][][][][][][][][][][] 
 []

[56]
Overfull \hbox (15.00366pt too wide) in paragraph at lines 74--75
[][][][][][][][][][][][][][] 
 []


Overfull \hbox (189.00543pt too wide) in paragraph at lines 76--77
[][][][][][][][][][][][] 
 []


Overfull \hbox (189.00543pt too wide) in paragraph at lines 78--79
[][][][][][][][][][][][] 
 []


Overfull \hbox (249.00604pt too wide) in paragraph at lines 80--81
[][][][][][][][][][][][] 
 []


Overfull \hbox (93.00446pt too wide) in paragraph at lines 82--83
[][][][][][][][][][][][] 
 []


Overfull \hbox (153.00507pt too wide) in paragraph at lines 84--85
[][][][][][][][][][][][] 
 []


Overfull \hbox (189.00543pt too wide) in paragraph at lines 86--87
[][][][][][][][][][][][] 
 []


Overfull \hbox (249.00604pt too wide) in paragraph at lines 88--91
[][][][][][][][][][][][] 
 []


Overfull \hbox (21.00372pt too wide) in paragraph at lines 102--103
[][][][][][][][][][][][][][] 
 []


Overfull \hbox (177.00531pt too wide) in paragraph at lines 103--104
[][][][][][][][][][][][] 
 []


Overfull \hbox (237.00592pt too wide) in paragraph at lines 105--107
[][][][][][][][][][][][] 
 []


Overfull \hbox (123.00476pt too wide) in paragraph at lines 110--113
[][][][][][][][][][][][][][][][][][][][][][][][][][][][][]
 []

[57]
Overfull \hbox (57.00409pt too wide) in paragraph at lines 123--124
[][][][][][][][][][][][] 
 []


Overfull \hbox (57.00409pt too wide) in paragraph at lines 124--125
[][][][][][][][][][][][] 
 []


Overfull \hbox (57.00409pt too wide) in paragraph at lines 125--126
[][][][][][][][][][][][] 
 []


Overfull \hbox (57.00409pt too wide) in paragraph at lines 126--127
[][][][][][][][][][][][] 
 []


Overfull \hbox (9.0036pt too wide) in paragraph at lines 127--128
[][][][][][][][][][][][] 
 []


Overfull \hbox (9.0036pt too wide) in paragraph at lines 128--129
[][][][][][][][][][][][] 
 []


Overfull \hbox (51.00403pt too wide) in paragraph at lines 129--130
[][][][][][][][][][][][] 
 []


Overfull \hbox (51.00403pt too wide) in paragraph at lines 130--131
[][][][][][][][][][][][] 
 []


Overfull \hbox (33.00385pt too wide) in paragraph at lines 133--134
[][][][][][][][][][][][][] 
 []


Overfull \hbox (939.01302pt too wide) in paragraph at lines 151--152
[][][][][][][][][][][][][][][][][][][][][][][][][][][][][][][][][][][][][][][][
][][][][][][][][][][][][][][][][][][][][][][][][][][][][][][][][][][][][][][] 
 []


Overfull \hbox (459.00818pt too wide) in paragraph at lines 155--156
[][][][][][][][][][][][][][][][][][][][][][][][][] 
 []


Overfull \hbox (291.00647pt too wide) in paragraph at lines 156--158
[][][][][][][][][][][][][][][][][][][] 
 []


Overfull \hbox (33.00385pt too wide) in paragraph at lines 160--161
[][][][][][][][][][][] 
 []


Overfull \hbox (21.00372pt too wide) in paragraph at lines 161--162
[][][][][][][][][][][] 
 []

[58]
Overfull \hbox (207.00562pt too wide) in paragraph at lines 164--165
[][][][][][][][][][][][][][][][][][][][][] 
 []


Overfull \hbox (339.00696pt too wide) in paragraph at lines 165--166
[][][][][][][][][][][][][][][][][][][][][][][][][][][][][] 
 []


Overfull \hbox (963.01328pt too wide) in paragraph at lines 168--170
[][][][][][][][][][][][][][][][][][][][][][][][][][][][][][][][][][][] 
 []


Overfull \hbox (111.00464pt too wide) in paragraph at lines 173--174
[][][][][][][][][][][][][][][][][][][][][][][][][][][] 
 []


Overfull \hbox (27.00378pt too wide) in paragraph at lines 177--178
[][][][][][][][][][] 
 []


Overfull \hbox (105.00458pt too wide) in paragraph at lines 178--179
[][][][][][][][][][][][][][][][][][][][][][][][][][] 
 []


Overfull \hbox (3.00354pt too wide) in paragraph at lines 193--194
[][][][][][][][][][][][][][][][][][][][] 
 []


Overfull \hbox (81.00433pt too wide) in paragraph at lines 194--195
[][][][][][][][][][][][][][][] 
 []

[59]
Overfull \hbox (87.0044pt too wide) in paragraph at lines 210--211
[][][][][][][][][][][][][][][][][] 
 []


Overfull \hbox (171.00525pt too wide) in paragraph at lines 211--212
[][][][][][][][][][][][][][][][][][][][][][][] 
 []


Overfull \hbox (195.0055pt too wide) in paragraph at lines 214--215
[][][][][][][][][][][][][][][][][][][][][][][] 
 []


Overfull \hbox (195.0055pt too wide) in paragraph at lines 217--218
[][][][][][][][][][][][][][][][][][][][][][][] 
 []

[60]
Overfull \hbox (153.00507pt too wide) in paragraph at lines 286--287
[][][][][][][][][][][][][][][][][][][][][][][][][][][][][][][][][] 
 []

[61] [62]
Overfull \hbox (27.00378pt too wide) in paragraph at lines 351--352
[][][][][][][][][][][][][][][][][][][][][][][][][][][][][][][][][][][][][][] 
 []

[63]
Overfull \hbox (57.00409pt too wide) in paragraph at lines 415--416
[][][][][][][][][][][][][][][][][][][][][][][][][] 
 []

[64] [65]
Overfull \hbox (21.00372pt too wide) in paragraph at lines 489--490
[][][][][][][][][][][][][][][][][][][][][][][][][][][][][][][] 
 []


Overfull \hbox (9.0036pt too wide) in paragraph at lines 508--509
[][][][][][][][][][][][][][][][][][][][][][][][][][][][][][][] 
 []


Overfull \hbox (9.0036pt too wide) in paragraph at lines 528--529
[][][][][][][][][][][][][][][][][][][][][][][][][][][][][][][] 
 []

[66]
Overfull \hbox (9.0036pt too wide) in paragraph at lines 571--573
[][][][][][][][][][][][][][][][][] 
 []


Overfull \hbox (183.00537pt too wide) in paragraph at lines 573--574
[][][][][][][][][][][][][][][][][][][] 
 []


Overfull \hbox (51.00403pt too wide) in paragraph at lines 574--576
[][][][][][][][][][][][][][][][][][][] 
 []

[67]
Overfull \hbox (195.0055pt too wide) in paragraph at lines 576--577
[][][][][][][][][][][][][][][][][][][][][] 
 []


Overfull \hbox (243.00598pt too wide) in paragraph at lines 577--579
[][][][][][][][][][][][][][][][][][][][][] 
 []

) [68] (./final.aux)

LaTeX Warning: There were multiply-defined labels.

runsystem(rm final.pyg)...executed.

 ) 
Here is how much of TeX's memory you used:
 7794 strings out of 494931
 129362 string characters out of 6180851
 282302 words of memory out of 5000000
 10923 multiletter control sequences out of 15000+600000
 11024 words of font info for 40 fonts, out of 8000000 for 9000
 14 hyphenation exceptions out of 8191
 37i,9n,49p,913b,1520s stack positions out of 5000i,500n,10000p,200000b,80000s
 </home/david/.texlive2017/texmf-var/fonts/pk/ljfour/jknappen/ec/tcrm1000.600
pk> </home/david/.texlive2017/texmf-var/fonts/pk/ljfour/jknappen/ec/tcti1000.60
0pk></usr/share/texlive/texmf-dist/fonts/type1/public/amsfonts/cm/cmbx10.pfb></
usr/share/texlive/texmf-dist/fonts/type1/public/amsfonts/cm/cmbx12.pfb></usr/sh
are/texlive/texmf-dist/fonts/type1/public/amsfonts/cm/cmbx9.pfb></usr/share/tex
live/texmf-dist/fonts/type1/public/amsfonts/cm/cmex10.pfb></usr/share/texlive/t
exmf-dist/fonts/type1/public/amsfonts/cm/cmitt10.pfb></usr/share/texlive/texmf-
dist/fonts/type1/public/amsfonts/cm/cmmi10.pfb></usr/share/texlive/texmf-dist/f
onts/type1/public/amsfonts/cm/cmmi7.pfb></usr/share/texlive/texmf-dist/fonts/ty
pe1/public/amsfonts/cm/cmr10.pfb></usr/share/texlive/texmf-dist/fonts/type1/pub
lic/amsfonts/cm/cmr12.pfb></usr/share/texlive/texmf-dist/fonts/type1/public/ams
fonts/cm/cmr17.pfb></usr/share/texlive/texmf-dist/fonts/type1/public/amsfonts/c
m/cmr7.pfb></usr/share/texlive/texmf-dist/fonts/type1/public/amsfonts/cm/cmr9.p
fb></usr/share/texlive/texmf-dist/fonts/type1/public/amsfonts/cm/cmsy10.pfb></u
sr/share/texlive/texmf-dist/fonts/type1/public/amsfonts/cm/cmti10.pfb></usr/sha
re/texlive/texmf-dist/fonts/type1/public/amsfonts/cm/cmtt10.pfb>
Output written on final.pdf (68 pages, 617645 bytes).
PDF statistics:
 312 PDF objects out of 1000 (max. 8388607)
 206 compressed objects within 3 object streams
 0 named destinations out of 1000 (max. 500000)
 76 words of extra memory for PDF output out of 10000 (max. 10000000)

